<?xml version="1.0" encoding="UTF-8"?>
<testsuite xmlns:xsi="http://www.w3.org/2001/XMLSchema-instance" xsi:noNamespaceSchemaLocation="https://maven.apache.org/surefire/maven-surefire-plugin/xsd/surefire-test-report.xsd" name="library.LibraryManagementSystemTest" time="0.047" tests="6" errors="0" skipped="0" failures="1">
  <properties>
[...]
</properties>
  <testcase name="testAddBook" classname="library.LibraryManagementSystemTest" time="0.023"/>
  <testcase name="testSearchBook" classname="library.LibraryManagementSystemTest" time="0"/>
  <testcase name="testLoginUser" classname="library.LibraryManagementSystemTest" time="0.008">
    <failure message="expected: &lt;Invalid login credentials&gt; but was: &lt;Login successful&gt;" type="org.opentest4j.AssertionFailedError"><![CDATA[org.opentest4j.AssertionFailedError: expected: <Invalid login credentials> but was: <Login successful>
	at library.LibraryManagementSystemTest.testLoginUser(LibraryManagementSystemTest.java:30)
]]></failure>
  </testcase>
  <testcase name="testRegisterUser" classname="library.LibraryManagementSystemTest" time="0.001"/>
  <testcase name="testReturnBook" classname="library.LibraryManagementSystemTest" time="0.001"/>
  <testcase name="testBorrowBook" classname="library.LibraryManagementSystemTest" time="0.001"/>
</testsuite>